<?xml version="1.0" encoding="UTF-8"?>
<!-- Generated by org.testng.reporters.JUnitReportReporter -->
<testsuite skipped="0" hostname="ip-172-31-26-20" name="testcases.CarLoanTest" tests="1" failures="0" timestamp="16 Apr 2023 04:24:53 GMT" time="0.006" errors="0">
  <testcase name="test3" time="0.006" classname="testcases.CarLoanTest"/>
</testsuite> <!-- testcases.CarLoanTest -->
