<?xml version="1.0" encoding="UTF-8"?>
<!-- Generated by org.testng.reporters.JUnitReportReporter -->
<testsuite skipped="0" hostname="ip-172-31-26-20" name="testcases.HomeLoanTest" tests="2" failures="0" timestamp="16 Apr 2023 04:24:30 GMT" time="0.007" errors="0">
  <testcase name="test2" time="0.006" classname="testcases.HomeLoanTest"/>
  <testcase name="test1" time="0.001" classname="testcases.HomeLoanTest"/>
</testsuite> <!-- testcases.HomeLoanTest -->
